<?xml version="1.0" encoding="UTF-8"?>
<testng-results ignored="0" total="2" passed="2" failed="0" skipped="0">
  <reporter-output>
  </reporter-output>
  <suite started-at="2024-04-08T14:06:47 IST" name="Default suite" finished-at="2024-04-08T14:06:51 IST" duration-ms="3803">
    <groups>
    </groups>
    <test started-at="2024-04-08T14:06:47 IST" name="Default test" finished-at="2024-04-08T14:06:51 IST" duration-ms="3803">
      <class name="testNG.Saucedemo">
        <test-method is-config="true" signature="openBrowser_Url()[pri:0, instance:testNG.Saucedemo@128d2484]" started-at="2024-04-08T14:06:47 IST" name="openBrowser_Url" finished-at="2024-04-08T14:06:49 IST" duration-ms="1984" status="PASS">
          <reporter-output>
          </reporter-output>
        </test-method> <!-- openBrowser_Url -->
        <test-method signature="login()[pri:0, instance:testNG.Saucedemo@128d2484]" started-at="2024-04-08T14:06:49 IST" name="login" finished-at="2024-04-08T14:06:51 IST" duration-ms="1650" status="PASS">
          <reporter-output>
          </reporter-output>
        </test-method> <!-- login -->
        <test-method signature="validateLogin()[pri:0, instance:testNG.Saucedemo@128d2484]" started-at="2024-04-08T14:06:51 IST" name="validateLogin" finished-at="2024-04-08T14:06:51 IST" duration-ms="18" status="PASS">
          <reporter-output>
          </reporter-output>
        </test-method> <!-- validateLogin -->
        <test-method is-config="true" signature="closebrowser()[pri:0, instance:testNG.Saucedemo@128d2484]" started-at="2024-04-08T14:06:51 IST" name="closebrowser" finished-at="2024-04-08T14:06:51 IST" duration-ms="107" status="PASS">
          <reporter-output>
          </reporter-output>
        </test-method> <!-- closebrowser -->
      </class> <!-- testNG.Saucedemo -->
    </test> <!-- Default test -->
  </suite> <!-- Default suite -->
</testng-results>
