<?xml version="1.0" encoding="UTF-8"?>
<!-- Generated by org.testng.reporters.JUnitXMLReporter -->
<testsuite ignored="7" hostname="DESKTOP-SB3628J" failures="0" tests="3" name="ATM Test" time="0.01" errors="0" timestamp="04 Apr 2024 08:05:08 GMT">
  <testcase classname="testNG.ATM" name="Enter_Pin" time="0.001"/>
  <testcase classname="testNG.ATM" name="Insert_ATM" time="0.001"/>
  <testcase classname="testNG.ATM" name="Withdraw_Cash" time="0.002"/>
  <testcase classname="testNG.ATM" name="ATM_Number" time="0.0">
    <ignored/>
  </testcase> <!-- ATM_Number -->
  <testcase classname="testNG.ATM" name="ATM_CVC" time="0.0">
    <ignored/>
  </testcase> <!-- ATM_CVC -->
  <testcase classname="testNG.ATM" name="ATM_Password" time="0.0">
    <ignored/>
  </testcase> <!-- ATM_Password -->
  <testcase classname="testNG.ATM" name="ATM_Pin" time="0.0">
    <ignored/>
  </testcase> <!-- ATM_Pin -->
  <testcase classname="testNG.ATM" name="ATM_Expiry" time="0.0">
    <ignored/>
  </testcase> <!-- ATM_Expiry -->
  <testcase classname="testNG.ATM" name="ATM_Name" time="0.0">
    <ignored/>
  </testcase> <!-- ATM_Name -->
  <testcase classname="testNG.ATM" name="ATM_Type" time="0.0">
    <ignored/>
  </testcase> <!-- ATM_Type -->
</testsuite> <!-- ATM Test -->
