<?xml version="1.0" encoding="UTF-8"?>
<!-- Generated by org.testng.reporters.JUnitXMLReporter -->
<testsuite ignored="4" hostname="DESKTOP-SB3628J" failures="0" tests="1" name="E_commerce Test" time="0.022" errors="0" timestamp="04 Apr 2024 08:05:08 GMT">
  <testcase classname="testNG.Shopping" name="Create_Account" time="0.009"/>
  <testcase classname="testNG.Shopping" name="Add_To_Cart" time="0.0">
    <ignored/>
  </testcase> <!-- Add_To_Cart -->
  <testcase classname="testNG.Shopping" name="Make_Payment" time="0.0">
    <ignored/>
  </testcase> <!-- Make_Payment -->
  <testcase classname="testNG.Shopping" name="Login" time="0.0">
    <ignored/>
  </testcase> <!-- Login -->
  <testcase classname="testNG.Shopping" name="Search_Product" time="0.0">
    <ignored/>
  </testcase> <!-- Search_Product -->
</testsuite> <!-- E_commerce Test -->
