<?xml version="1.0" encoding="UTF-8"?>
<!-- Generated by org.testng.reporters.JUnitXMLReporter -->
<testsuite ignored="16" hostname="DESKTOP-SB3628J" failures="0" tests="3" name="Regression Testing" time="0.033" errors="0" timestamp="03 Apr 2024 05:39:57 GMT">
  <testcase classname="testNG.ATM" name="ATM_Number" time="0.014"/>
  <testcase classname="testNG.Loan_Dept" name="take_MobileLoan" time="0.001"/>
  <testcase classname="testNG.Shopping" name="Login" time="0.001"/>
  <testcase classname="testNG.Shopping" name="Add_To_Cart" time="0.0">
    <ignored/>
  </testcase> <!-- Add_To_Cart -->
  <testcase classname="testNG.Shopping" name="Make_Payment" time="0.0">
    <ignored/>
  </testcase> <!-- Make_Payment -->
  <testcase classname="testNG.ATM" name="ATM_Password" time="0.0">
    <ignored/>
  </testcase> <!-- ATM_Password -->
  <testcase classname="testNG.ATM" name="ATM_Pin" time="0.0">
    <ignored/>
  </testcase> <!-- ATM_Pin -->
  <testcase classname="testNG.Loan_Dept" name="take_FarmLoan" time="0.0">
    <ignored/>
  </testcase> <!-- take_FarmLoan -->
  <testcase classname="testNG.Shopping" name="Search_Product" time="0.0">
    <ignored/>
  </testcase> <!-- Search_Product -->
  <testcase classname="testNG.ATM" name="ATM_Name" time="0.0">
    <ignored/>
  </testcase> <!-- ATM_Name -->
  <testcase classname="testNG.ATM" name="ATM_Type" time="0.0">
    <ignored/>
  </testcase> <!-- ATM_Type -->
  <testcase classname="testNG.ATM" name="Insert_ATM" time="0.0">
    <ignored/>
  </testcase> <!-- Insert_ATM -->
  <testcase classname="testNG.ATM" name="Enter_Pin" time="0.0">
    <ignored/>
  </testcase> <!-- Enter_Pin -->
  <testcase classname="testNG.ATM" name="ATM_CVC" time="0.0">
    <ignored/>
  </testcase> <!-- ATM_CVC -->
  <testcase classname="testNG.Shopping" name="Create_Account" time="0.0">
    <ignored/>
  </testcase> <!-- Create_Account -->
  <testcase classname="testNG.ATM" name="ATM_Expiry" time="0.0">
    <ignored/>
  </testcase> <!-- ATM_Expiry -->
  <testcase classname="testNG.Loan_Dept" name="take_HomeLoan" time="0.0">
    <ignored/>
  </testcase> <!-- take_HomeLoan -->
  <testcase classname="testNG.ATM" name="Withdraw_Cash" time="0.0">
    <ignored/>
  </testcase> <!-- Withdraw_Cash -->
  <testcase classname="testNG.Loan_Dept" name="take_Car_Loan" time="0.0">
    <ignored/>
  </testcase> <!-- take_Car_Loan -->
</testsuite> <!-- Regression Testing -->
