<?xml version="1.0" encoding="UTF-8"?>
<testng-results ignored="0" total="1" passed="1" failed="0" skipped="0">
  <reporter-output>
  </reporter-output>
  <suite started-at="2024-04-04T14:59:34 IST" name="Default suite" finished-at="2024-04-04T15:00:19 IST" duration-ms="45397">
    <groups>
    </groups>
    <test started-at="2024-04-04T14:59:34 IST" name="Default test" finished-at="2024-04-04T15:00:19 IST" duration-ms="45397">
      <class name="testNG.Amazon">
        <test-method is-config="true" signature="openBrowser()[pri:0, instance:testNG.Amazon@131774fe]" started-at="2024-04-04T14:59:34 IST" name="openBrowser" finished-at="2024-04-04T14:59:36 IST" duration-ms="2035" status="PASS">
          <reporter-output>
          </reporter-output>
        </test-method> <!-- openBrowser -->
        <test-method signature="openUrl()[pri:0, instance:testNG.Amazon@131774fe]" started-at="2024-04-04T14:59:36 IST" name="openUrl" finished-at="2024-04-04T15:00:19 IST" duration-ms="43147" status="PASS">
          <reporter-output>
          </reporter-output>
        </test-method> <!-- openUrl -->
        <test-method is-config="true" signature="close()[pri:0, instance:testNG.Amazon@131774fe]" started-at="2024-04-04T15:00:19 IST" name="close" finished-at="2024-04-04T15:00:19 IST" duration-ms="171" status="PASS">
          <reporter-output>
          </reporter-output>
        </test-method> <!-- close -->
      </class> <!-- testNG.Amazon -->
    </test> <!-- Default test -->
  </suite> <!-- Default suite -->
</testng-results>
