<?xml version="1.0" encoding="UTF-8"?>
<!-- Generated by org.testng.reporters.JUnitXMLReporter -->
<testsuite ignored="0" hostname="DESKTOP-SB3628J" failures="0" tests="12" name="Test" time="115.677" errors="0" timestamp="2024-03-31T06:42:43 IST">
  <testcase classname="test_Cases.Home_Page" name="verifyUrl" time="0.021"/>
  <testcase classname="test_Cases.Home_Page" name="verifyTitle" time="0.008"/>
  <testcase classname="test_Cases.Login_ExcelData" name="enterInvalidCredentials" time="1.201"/>
  <testcase classname="test_Cases.Login_ExcelData" name="enterInvalidCredentials" time="1.145"/>
  <testcase classname="test_Cases.Login_ExcelData" name="enterInvalidCredentials" time="0.563"/>
  <testcase classname="test_Cases.Login_ExcelData" name="enterInvalidCredentials" time="0.573"/>
  <testcase classname="test_Cases.Login_ExcelData" name="verifyLogin" time="0.674"/>
  <testcase classname="test_Cases.Login" name="enterValidCredentials" time="1.095"/>
  <testcase classname="test_Cases.Login" name="verifyLogin" time="0.731"/>
  <testcase classname="test_Cases.Login" name="verifyLoginWith_Invalid_UserID" time="0.563"/>
  <testcase classname="test_Cases.Login" name="verifyLoginWith_Invalid_Password" time="0.55"/>
  <testcase classname="test_Cases.Login" name="verifyLoginWith_Invalid_UserID_And_Password" time="0.561"/>
</testsuite> <!-- Test -->
