<?xml version="1.0" encoding="UTF-8"?>
<testng-results ignored="0" total="1" passed="1" failed="0" skipped="0">
  <reporter-output>
  </reporter-output>
  <suite started-at="2024-04-03T09:31:12 IST" name="Default suite" finished-at="2024-04-03T09:31:22 IST" duration-ms="9884">
    <groups>
    </groups>
    <test started-at="2024-04-03T09:31:12 IST" name="Default test" finished-at="2024-04-03T09:31:22 IST" duration-ms="9884">
      <class name="test_Cases.New_Customer">
        <test-method is-config="true" signature="setUp()[pri:0, instance:test_Cases.New_Customer@67c27493]" started-at="2024-04-03T09:31:12 IST" name="setUp" finished-at="2024-04-03T09:31:21 IST" duration-ms="9004" status="PASS">
          <reporter-output>
          </reporter-output>
        </test-method> <!-- setUp -->
        <test-method signature="Add_New_Customer()[pri:0, instance:test_Cases.New_Customer@67c27493]" started-at="2024-04-03T09:31:21 IST" name="Add_New_Customer" finished-at="2024-04-03T09:31:22 IST" duration-ms="837" status="PASS">
          <reporter-output>
          </reporter-output>
        </test-method> <!-- Add_New_Customer -->
      </class> <!-- test_Cases.New_Customer -->
    </test> <!-- Default test -->
  </suite> <!-- Default suite -->
</testng-results>
